# JRE version: Java(TM) SE Runtime Environment (7.0_67-b01) (build 1.7.0_67-b01)
# Java VM: Java HotSpot(TM) 64-Bit Server VM (24.65-b04 mixed mode linux-amd64 compressed oops)
Heap
 PSYoungGen      total 58368K, used 4012K [0x00000000f5880000, 0x00000000f9800000, 0x0000000100000000)
  eden space 51712K, 0% used [0x00000000f5880000,0x00000000f5880000,0x00000000f8b00000)
  from space 6656K, 60% used [0x00000000f9180000,0x00000000f956b2a0,0x00000000f9800000)
  to   space 2560K, 0% used [0x00000000f8d00000,0x00000000f8d00000,0x00000000f8f80000)
 ParOldGen       total 20992K, used 15923K [0x00000000e0a00000, 0x00000000e1e80000, 0x00000000f5880000)
  object space 20992K, 75% used [0x00000000e0a00000,0x00000000e198cdf8,0x00000000e1e80000)
 PSPermGen       total 21504K, used 20025K [0x00000000db800000, 0x00000000dcd00000, 0x00000000e0a00000)
  object space 21504K, 93% used [0x00000000db800000,0x00000000dcb8e6e8,0x00000000dcd00000)
GC Heap History (10 events):
Event: 26,881 GC heap after
Heap after GC invocations=7 (full 0):
 PSYoungGen      total 20480K, used 3056K [0x00000000f5880000, 0x00000000f8280000, 0x0000000100000000)
  eden space 17408K, 0% used [0x00000000f5880000,0x00000000f5880000,0x00000000f6980000)
  from space 3072K, 99% used [0x00000000f6980000,0x00000000f6c7c3b8,0x00000000f6c80000)
  to   space 4096K, 0% used [0x00000000f7e80000,0x00000000f7e80000,0x00000000f8280000)
 ParOldGen       total 20992K, used 6141K [0x00000000e0a00000, 0x00000000e1e80000, 0x00000000f5880000)
  object space 20992K, 29% used [0x00000000e0a00000,0x00000000e0fff4c0,0x00000000e1e80000)
 PSPermGen       total 21504K, used 12030K [0x00000000db800000, 0x00000000dcd00000, 0x00000000e0a00000)
  object space 21504K, 55% used [0x00000000db800000,0x00000000dc3bf900,0x00000000dcd00000)
}
Event: 28,462 GC heap before
{Heap before GC invocations=8 (full 0):
 PSYoungGen      total 20480K, used 20464K [0x00000000f5880000, 0x00000000f8280000, 0x0000000100000000)
  eden space 17408K, 100% used [0x00000000f5880000,0x00000000f6980000,0x00000000f6980000)
  from space 3072K, 99% used [0x00000000f6980000,0x00000000f6c7c3b8,0x00000000f6c80000)
  to   space 4096K, 0% used [0x00000000f7e80000,0x00000000f7e80000,0x00000000f8280000)
 ParOldGen       total 20992K, used 6141K [0x00000000e0a00000, 0x00000000e1e80000, 0x00000000f5880000)
  object space 20992K, 29% used [0x00000000e0a00000,0x00000000e0fff4c0,0x00000000e1e80000)
 PSPermGen       total 21504K, used 12208K [0x00000000db800000, 0x00000000dcd00000, 0x00000000e0a00000)
  object space 21504K, 56% used [0x00000000db800000,0x00000000dc3ec348,0x00000000dcd00000)
Event: 28,485 GC heap after
Heap after GC invocations=8 (full 0):
 PSYoungGen      total 38400K, used 3640K [0x00000000f5880000, 0x00000000f8380000, 0x0000000100000000)
  eden space 34304K, 0% used [0x00000000f5880000,0x00000000f5880000,0x00000000f7a00000)
  from space 4096K, 88% used [0x00000000f7e80000,0x00000000f820e130,0x00000000f8280000)
  to   space 4608K, 0% used [0x00000000f7a00000,0x00000000f7a00000,0x00000000f7e80000)
 ParOldGen       total 20992K, used 6401K [0x00000000e0a00000, 0x00000000e1e80000, 0x00000000f5880000)
  object space 20992K, 30% used [0x00000000e0a00000,0x00000000e10404d0,0x00000000e1e80000)
 PSPermGen       total 21504K, used 12208K [0x00000000db800000, 0x00000000dcd00000, 0x00000000e0a00000)
  object space 21504K, 56% used [0x00000000db800000,0x00000000dc3ec348,0x00000000dcd00000)
}
Event: 30,386 GC heap before
{Heap before GC invocations=9 (full 0):
 PSYoungGen      total 38400K, used 37944K [0x00000000f5880000, 0x00000000f8380000, 0x0000000100000000)
  eden space 34304K, 100% used [0x00000000f5880000,0x00000000f7a00000,0x00000000f7a00000)
  from space 4096K, 88% used [0x00000000f7e80000,0x00000000f820e130,0x00000000f8280000)
  to   space 4608K, 0% used [0x00000000f7a00000,0x00000000f7a00000,0x00000000f7e80000)
 ParOldGen       total 20992K, used 6401K [0x00000000e0a00000, 0x00000000e1e80000, 0x00000000f5880000)
  object space 20992K, 30% used [0x00000000e0a00000,0x00000000e10404d0,0x00000000e1e80000)
 PSPermGen       total 21504K, used 12500K [0x00000000db800000, 0x00000000dcd00000, 0x00000000e0a00000)
  object space 21504K, 58% used [0x00000000db800000,0x00000000dc4352d8,0x00000000dcd00000)
Event: 30,432 GC heap after
Heap after GC invocations=9 (full 0):
 PSYoungGen      total 38912K, used 4416K [0x00000000f5880000, 0x00000000f9880000, 0x0000000100000000)
  eden space 34304K, 0% used [0x00000000f5880000,0x00000000f5880000,0x00000000f7a00000)
  from space 4608K, 95% used [0x00000000f7a00000,0x00000000f7e50248,0x00000000f7e80000)
  to   space 5120K, 0% used [0x00000000f9380000,0x00000000f9380000,0x00000000f9880000)
 ParOldGen       total 20992K, used 7129K [0x00000000e0a00000, 0x00000000e1e80000, 0x00000000f5880000)
  object space 20992K, 33% used [0x00000000e0a00000,0x00000000e10f64d0,0x00000000e1e80000)
 PSPermGen       total 21504K, used 12500K [0x00000000db800000, 0x00000000dcd00000, 0x00000000e0a00000)
  object space 21504K, 58% used [0x00000000db800000,0x00000000dc4352d8,0x00000000dcd00000)
}
Event: 84,928 GC heap before
{Heap before GC invocations=10 (full 0):
 PSYoungGen      total 38912K, used 38720K [0x00000000f5880000, 0x00000000f9880000, 0x0000000100000000)
  eden space 34304K, 100% used [0x00000000f5880000,0x00000000f7a00000,0x00000000f7a00000)
  from space 4608K, 95% used [0x00000000f7a00000,0x00000000f7e50248,0x00000000f7e80000)
  to   space 5120K, 0% used [0x00000000f9380000,0x00000000f9380000,0x00000000f9880000)
 ParOldGen       total 20992K, used 7129K [0x00000000e0a00000, 0x00000000e1e80000, 0x00000000f5880000)
  object space 20992K, 33% used [0x00000000e0a00000,0x00000000e10f64d0,0x00000000e1e80000)
 PSPermGen       total 21504K, used 15874K [0x00000000db800000, 0x00000000dcd00000, 0x00000000e0a00000)
  object space 21504K, 73% used [0x00000000db800000,0x00000000dc7808e8,0x00000000dcd00000)
Event: 85,090 GC heap after
Heap after GC invocations=10 (full 0):
 PSYoungGen      total 58880K, used 5090K [0x00000000f5880000, 0x00000000f9b80000, 0x0000000100000000)
  eden space 53760K, 0% used [0x00000000f5880000,0x00000000f5880000,0x00000000f8d00000)
  from space 5120K, 99% used [0x00000000f9380000,0x00000000f9878900,0x00000000f9880000)
  to   space 6656K, 0% used [0x00000000f8d00000,0x00000000f8d00000,0x00000000f9380000)
 ParOldGen       total 20992K, used 10083K [0x00000000e0a00000, 0x00000000e1e80000, 0x00000000f5880000)
  object space 20992K, 48% used [0x00000000e0a00000,0x00000000e13d8da8,0x00000000e1e80000)
 PSPermGen       total 21504K, used 15874K [0x00000000db800000, 0x00000000dcd00000, 0x00000000e0a00000)
  object space 21504K, 73% used [0x00000000db800000,0x00000000dc7808e8,0x00000000dcd00000)
}
Event: 104,143 GC heap before
{Heap before GC invocations=11 (full 0):
 PSYoungGen      total 58880K, used 58850K [0x00000000f5880000, 0x00000000f9b80000, 0x0000000100000000)
  eden space 53760K, 100% used [0x00000000f5880000,0x00000000f8d00000,0x00000000f8d00000)
  from space 5120K, 99% used [0x00000000f9380000,0x00000000f9878900,0x00000000f9880000)
  to   space 6656K, 0% used [0x00000000f8d00000,0x00000000f8d00000,0x00000000f9380000)
 ParOldGen       total 20992K, used 10083K [0x00000000e0a00000, 0x00000000e1e80000, 0x00000000f5880000)
  object space 20992K, 48% used [0x00000000e0a00000,0x00000000e13d8da8,0x00000000e1e80000)
 PSPermGen       total 21504K, used 15927K [0x00000000db800000, 0x00000000dcd00000, 0x00000000e0a00000)
  object space 21504K, 74% used [0x00000000db800000,0x00000000dc78ded8,0x00000000dcd00000)
Event: 104,212 GC heap after
Heap after GC invocations=11 (full 0):
 PSYoungGen      total 54272K, used 2368K [0x00000000f5880000, 0x00000000f9800000, 0x0000000100000000)
  eden space 51712K, 0% used [0x00000000f5880000,0x00000000f5880000,0x00000000f8b00000)
  from space 2560K, 92% used [0x00000000f8d00000,0x00000000f8f50000,0x00000000f8f80000)
  to   space 6656K, 0% used [0x00000000f9180000,0x00000000f9180000,0x00000000f9800000)
 ParOldGen       total 20992K, used 13843K [0x00000000e0a00000, 0x00000000e1e80000, 0x00000000f5880000)
  object space 20992K, 65% used [0x00000000e0a00000,0x00000000e1784df8,0x00000000e1e80000)
 PSPermGen       total 21504K, used 15927K [0x00000000db800000, 0x00000000dcd00000, 0x00000000e0a00000)
  object space 21504K, 74% used [0x00000000db800000,0x00000000dc78ded8,0x00000000dcd00000)
}
Event: 128,746 GC heap before
{Heap before GC invocations=12 (full 0):
 PSYoungGen      total 54272K, used 54080K [0x00000000f5880000, 0x00000000f9800000, 0x0000000100000000)
  eden space 51712K, 100% used [0x00000000f5880000,0x00000000f8b00000,0x00000000f8b00000)
  from space 2560K, 92% used [0x00000000f8d00000,0x00000000f8f50000,0x00000000f8f80000)
  to   space 6656K, 0% used [0x00000000f9180000,0x00000000f9180000,0x00000000f9800000)
 ParOldGen       total 20992K, used 13843K [0x00000000e0a00000, 0x00000000e1e80000, 0x00000000f5880000)
  object space 20992K, 65% used [0x00000000e0a00000,0x00000000e1784df8,0x00000000e1e80000)
 PSPermGen       total 21504K, used 20025K [0x00000000db800000, 0x00000000dcd00000, 0x00000000e0a00000)
  object space 21504K, 93% used [0x00000000db800000,0x00000000dcb8e6e8,0x00000000dcd00000)

